<?xml version="1.0" encoding="UTF-8"?>
<!-- Generated by org.testng.reporters.JUnitXMLReporter -->
<testsuite hostname="Dell-PC" ignored="0" name="Test" tests="9" failures="0" timestamp="2020-02-09T18:23:51 IST" time="20.913" errors="0">
  <testcase name="f" time="0.007" classname="Sample.Demo.Demo1"/>
  <testcase name="fff" time="0.0" classname="Sample.Demo.Demo1"/>
  <testcase name="tf" time="0.0" classname="Sample.Demo.Demo1"/>
  <testcase name="f" time="0.0" classname="Sample.Demo.Demo2"/>
  <testcase name="fff" time="0.0" classname="Sample.Demo.Demo2"/>
  <testcase name="tf" time="20.692" classname="Sample.Demo.Demo2"/>
  <testcase name="f" time="0.0" classname="Sample.Demo.NewTest"/>
  <testcase name="fff" time="0.001" classname="Sample.Demo.NewTest"/>
  <testcase name="tf" time="0.0" classname="Sample.Demo.NewTest"/>
</testsuite> <!-- Test -->
