<?xml version="1.0" encoding="UTF-8"?>
<testng-results skipped="0" failed="0" ignored="0" total="9" passed="9">
  <reporter-output>
  </reporter-output>
  <suite name="Suite" duration-ms="246" started-at="2020-02-09T16:42:13 IST" finished-at="2020-02-09T16:42:13 IST">
    <groups>
    </groups>
    <test name="Test" duration-ms="246" started-at="2020-02-09T16:42:13 IST" finished-at="2020-02-09T16:42:13 IST">
      <class name="Sample.Demo.NewTest">
        <test-method status="PASS" signature="bf()[pri:0, instance:Sample.Demo.NewTest@7d0587f1]" name="bf" is-config="true" duration-ms="0" started-at="2020-02-09T16:42:13 IST" finished-at="2020-02-09T16:42:13 IST">
          <reporter-output>
          </reporter-output>
        </test-method> <!-- bf -->
        <test-method status="PASS" signature="f()[pri:0, instance:Sample.Demo.NewTest@7d0587f1]" name="f" duration-ms="2" started-at="2020-02-09T16:42:13 IST" finished-at="2020-02-09T16:42:13 IST">
          <reporter-output>
          </reporter-output>
        </test-method> <!-- f -->
        <test-method status="PASS" signature="bf1()[pri:0, instance:Sample.Demo.NewTest@7d0587f1]" name="bf1" is-config="true" duration-ms="1" started-at="2020-02-09T16:42:13 IST" finished-at="2020-02-09T16:42:13 IST">
          <reporter-output>
          </reporter-output>
        </test-method> <!-- bf1 -->
        <test-method status="PASS" signature="bf()[pri:0, instance:Sample.Demo.NewTest@7d0587f1]" name="bf" is-config="true" duration-ms="0" started-at="2020-02-09T16:42:13 IST" finished-at="2020-02-09T16:42:13 IST">
          <reporter-output>
          </reporter-output>
        </test-method> <!-- bf -->
        <test-method status="PASS" signature="fff()[pri:0, instance:Sample.Demo.NewTest@7d0587f1]" name="fff" duration-ms="2" started-at="2020-02-09T16:42:13 IST" finished-at="2020-02-09T16:42:13 IST">
          <reporter-output>
          </reporter-output>
        </test-method> <!-- fff -->
        <test-method status="PASS" signature="bf1()[pri:0, instance:Sample.Demo.NewTest@7d0587f1]" name="bf1" is-config="true" duration-ms="0" started-at="2020-02-09T16:42:13 IST" finished-at="2020-02-09T16:42:13 IST">
          <reporter-output>
          </reporter-output>
        </test-method> <!-- bf1 -->
        <test-method status="PASS" signature="bf()[pri:0, instance:Sample.Demo.NewTest@7d0587f1]" name="bf" is-config="true" duration-ms="0" started-at="2020-02-09T16:42:13 IST" finished-at="2020-02-09T16:42:13 IST">
          <reporter-output>
          </reporter-output>
        </test-method> <!-- bf -->
        <test-method status="PASS" signature="tf()[pri:0, instance:Sample.Demo.NewTest@7d0587f1]" name="tf" duration-ms="1" started-at="2020-02-09T16:42:13 IST" finished-at="2020-02-09T16:42:13 IST">
          <reporter-output>
          </reporter-output>
        </test-method> <!-- tf -->
        <test-method status="PASS" signature="bf1()[pri:0, instance:Sample.Demo.NewTest@7d0587f1]" name="bf1" is-config="true" duration-ms="0" started-at="2020-02-09T16:42:13 IST" finished-at="2020-02-09T16:42:13 IST">
          <reporter-output>
          </reporter-output>
        </test-method> <!-- bf1 -->
      </class> <!-- Sample.Demo.NewTest -->
      <class name="Sample.Demo.Demo1">
        <test-method status="PASS" signature="bf()[pri:0, instance:Sample.Demo.Demo1@5e853265]" name="bf" is-config="true" duration-ms="42" started-at="2020-02-09T16:42:13 IST" finished-at="2020-02-09T16:42:13 IST">
          <reporter-output>
          </reporter-output>
        </test-method> <!-- bf -->
        <test-method status="PASS" signature="f()[pri:0, instance:Sample.Demo.Demo1@5e853265]" name="f" duration-ms="26" started-at="2020-02-09T16:42:13 IST" finished-at="2020-02-09T16:42:13 IST">
          <reporter-output>
          </reporter-output>
        </test-method> <!-- f -->
        <test-method status="PASS" signature="bf1()[pri:0, instance:Sample.Demo.Demo1@5e853265]" name="bf1" is-config="true" duration-ms="1" started-at="2020-02-09T16:42:13 IST" finished-at="2020-02-09T16:42:13 IST">
          <reporter-output>
          </reporter-output>
        </test-method> <!-- bf1 -->
        <test-method status="PASS" signature="bf()[pri:0, instance:Sample.Demo.Demo1@5e853265]" name="bf" is-config="true" duration-ms="1" started-at="2020-02-09T16:42:13 IST" finished-at="2020-02-09T16:42:13 IST">
          <reporter-output>
          </reporter-output>
        </test-method> <!-- bf -->
        <test-method status="PASS" signature="fff()[pri:0, instance:Sample.Demo.Demo1@5e853265]" name="fff" duration-ms="2" started-at="2020-02-09T16:42:13 IST" finished-at="2020-02-09T16:42:13 IST">
          <reporter-output>
          </reporter-output>
        </test-method> <!-- fff -->
        <test-method status="PASS" signature="bf1()[pri:0, instance:Sample.Demo.Demo1@5e853265]" name="bf1" is-config="true" duration-ms="0" started-at="2020-02-09T16:42:13 IST" finished-at="2020-02-09T16:42:13 IST">
          <reporter-output>
          </reporter-output>
        </test-method> <!-- bf1 -->
        <test-method status="PASS" signature="bf()[pri:0, instance:Sample.Demo.Demo1@5e853265]" name="bf" is-config="true" duration-ms="12" started-at="2020-02-09T16:42:13 IST" finished-at="2020-02-09T16:42:13 IST">
          <reporter-output>
          </reporter-output>
        </test-method> <!-- bf -->
        <test-method status="PASS" signature="tf()[pri:0, instance:Sample.Demo.Demo1@5e853265]" name="tf" duration-ms="4" started-at="2020-02-09T16:42:13 IST" finished-at="2020-02-09T16:42:13 IST">
          <reporter-output>
          </reporter-output>
        </test-method> <!-- tf -->
        <test-method status="PASS" signature="bf1()[pri:0, instance:Sample.Demo.Demo1@5e853265]" name="bf1" is-config="true" duration-ms="1" started-at="2020-02-09T16:42:13 IST" finished-at="2020-02-09T16:42:13 IST">
          <reporter-output>
          </reporter-output>
        </test-method> <!-- bf1 -->
      </class> <!-- Sample.Demo.Demo1 -->
      <class name="Sample.Demo.Demo2">
        <test-method status="PASS" signature="bf()[pri:0, instance:Sample.Demo.Demo2@67205a84]" name="bf" is-config="true" duration-ms="1" started-at="2020-02-09T16:42:13 IST" finished-at="2020-02-09T16:42:13 IST">
          <reporter-output>
          </reporter-output>
        </test-method> <!-- bf -->
        <test-method status="PASS" signature="f()[pri:0, instance:Sample.Demo.Demo2@67205a84]" name="f" duration-ms="2" started-at="2020-02-09T16:42:13 IST" finished-at="2020-02-09T16:42:13 IST">
          <reporter-output>
          </reporter-output>
        </test-method> <!-- f -->
        <test-method status="PASS" signature="bf1()[pri:0, instance:Sample.Demo.Demo2@67205a84]" name="bf1" is-config="true" duration-ms="1" started-at="2020-02-09T16:42:13 IST" finished-at="2020-02-09T16:42:13 IST">
          <reporter-output>
          </reporter-output>
        </test-method> <!-- bf1 -->
        <test-method status="PASS" signature="bf()[pri:0, instance:Sample.Demo.Demo2@67205a84]" name="bf" is-config="true" duration-ms="0" started-at="2020-02-09T16:42:13 IST" finished-at="2020-02-09T16:42:13 IST">
          <reporter-output>
          </reporter-output>
        </test-method> <!-- bf -->
        <test-method status="PASS" signature="fff()[pri:0, instance:Sample.Demo.Demo2@67205a84]" name="fff" duration-ms="2" started-at="2020-02-09T16:42:13 IST" finished-at="2020-02-09T16:42:13 IST">
          <reporter-output>
          </reporter-output>
        </test-method> <!-- fff -->
        <test-method status="PASS" signature="bf1()[pri:0, instance:Sample.Demo.Demo2@67205a84]" name="bf1" is-config="true" duration-ms="0" started-at="2020-02-09T16:42:13 IST" finished-at="2020-02-09T16:42:13 IST">
          <reporter-output>
          </reporter-output>
        </test-method> <!-- bf1 -->
        <test-method status="PASS" signature="bf()[pri:0, instance:Sample.Demo.Demo2@67205a84]" name="bf" is-config="true" duration-ms="1" started-at="2020-02-09T16:42:13 IST" finished-at="2020-02-09T16:42:13 IST">
          <reporter-output>
          </reporter-output>
        </test-method> <!-- bf -->
        <test-method status="PASS" signature="tf()[pri:0, instance:Sample.Demo.Demo2@67205a84]" name="tf" duration-ms="4" started-at="2020-02-09T16:42:13 IST" finished-at="2020-02-09T16:42:13 IST">
          <reporter-output>
          </reporter-output>
        </test-method> <!-- tf -->
        <test-method status="PASS" signature="bf1()[pri:0, instance:Sample.Demo.Demo2@67205a84]" name="bf1" is-config="true" duration-ms="0" started-at="2020-02-09T16:42:13 IST" finished-at="2020-02-09T16:42:13 IST">
          <reporter-output>
          </reporter-output>
        </test-method> <!-- bf1 -->
      </class> <!-- Sample.Demo.Demo2 -->
    </test> <!-- Test -->
  </suite> <!-- Suite -->
</testng-results>
